[debug] [2022-12-15T02:17:42.987Z] ----------------------------------------------------------------------
[debug] [2022-12-15T02:17:42.990Z] Command:       /usr/local/bin/firebase /Users/jacob_westra/.cache/firebase/tools/lib/node_modules/firebase-tools/lib/bin/firebase init hosting
[debug] [2022-12-15T02:17:42.990Z] CLI Version:   11.18.0
[debug] [2022-12-15T02:17:42.990Z] Platform:      darwin
[debug] [2022-12-15T02:17:42.991Z] Node Version:  v16.16.0
[debug] [2022-12-15T02:17:42.992Z] Time:          Wed Dec 14 2022 21:17:42 GMT-0500 (Eastern Standard Time)
[debug] [2022-12-15T02:17:42.992Z] ----------------------------------------------------------------------
[debug] 
[debug] [2022-12-15T02:17:43.152Z] > command requires scopes: ["email","openid","https://www.googleapis.com/auth/cloudplatformprojects.readonly","https://www.googleapis.com/auth/firebase","https://www.googleapis.com/auth/cloud-platform"]
[debug] [2022-12-15T02:17:43.152Z] > authorizing via signed-in user (jacobwestra0@gmail.com)
[info] 
     ######## #### ########  ######## ########     ###     ######  ########
     ##        ##  ##     ## ##       ##     ##  ##   ##  ##       ##
     ######    ##  ########  ######   ########  #########  ######  ######
     ##        ##  ##    ##  ##       ##     ## ##     ##       ## ##
     ##       #### ##     ## ######## ########  ##     ##  ######  ########

You're about to initialize a Firebase project in this directory:

  /Users/jacob_westra/Desktop/Webdev

Before we get started, keep in mind:

  * You are initializing within an existing Firebase project directory

[info] 
=== Project Setup
[info] 
[info] First, let's associate this project directory with a Firebase project.
[info] You can create multiple project aliases by running firebase use --add, 
[info] but for now we'll just set up a default project.
[info] 
[debug] [2022-12-15T02:17:43.159Z] Using project from CLI flag: jbwx-terraingen
[debug] [2022-12-15T02:17:43.162Z] >>> [apiv2][query] GET https://firebase.googleapis.com/v1beta1/projects/jbwx-terraingen [none]
[debug] [2022-12-15T02:17:43.479Z] <<< [apiv2][status] GET https://firebase.googleapis.com/v1beta1/projects/jbwx-terraingen 200
[debug] [2022-12-15T02:17:43.480Z] <<< [apiv2][body] GET https://firebase.googleapis.com/v1beta1/projects/jbwx-terraingen {"projectId":"jbwx-terraingen","projectNumber":"456956675122","displayName":"jbwx-terraingen","name":"projects/jbwx-terraingen","resources":{"hostingSite":"jbwx-terraingen"},"state":"ACTIVE","etag":"1_838eaf1a-a1e4-4a7a-82d1-536877d24740"}
[info] i  Using project jbwx-terraingen (jbwx-terraingen) 
[info] 
=== Hosting Setup
